<?xml version="1.0" encoding="UTF-8"?>
<testsuites tests="3" failures="0" errors="0" skipped="0">
  <testsuite name="first e2e test suite" timestamp="2024-10-31T08:16:22" time="13.558" tests="3" failures="0" errors="0" skipped="0">
    <properties>
      <property name="specId" value="0"/>
      <property name="suiteName" value="first e2e test suite"/>
      <property name="capabilities" value="firefox.126_0_1.windows"/>
      <property name="file" value="file:///D:/development/epam/epam-js-unit-testing-frameworks/webdriverIO/src/specs/test.spec.js"/>
    </properties>
    <testcase classname="firefox.126_0_1.windows.first_e2e_test_suite" name="should open www epam com" time="5.609">
      <system-out><![CDATA[
COMMAND: GET /session/390ab028-9029-4d20-8e36-e0375ed26c5c/title - {}
RESULT: {}
]]></system-out>
    </testcase>
    <testcase classname="firefox.126_0_1.windows.first_e2e_test_suite" name="should open hamburger menu" time="2.273">
      <system-out><![CDATA[
COMMAND: POST /session/390ab028-9029-4d20-8e36-e0375ed26c5c/element/17213f26-1f08-4a19-ad55-f940bf85533c/click - {}
RESULT: {}
]]></system-out>
    </testcase>
    <testcase classname="firefox.126_0_1.windows.first_e2e_test_suite" name="should navigate to Services page" time="5.674">
      <system-out><![CDATA[
COMMAND: POST /session/390ab028-9029-4d20-8e36-e0375ed26c5c/element/e0c34601-3dd5-4156-97f9-c0574793ff62/click - {}
RESULT: {}
COMMAND: GET /session/390ab028-9029-4d20-8e36-e0375ed26c5c/title - {}
RESULT: {}
COMMAND: DELETE /session/390ab028-9029-4d20-8e36-e0375ed26c5c - {}
RESULT: {}
]]></system-out>
    </testcase>
  </testsuite>
</testsuites>